cycle 0
$00: 0x00000000
$01: 0x00000000
$02: 0x00000000
$03: 0x00000000
$04: 0x00000000
$05: 0x00000000
$06: 0x00000000
$07: 0x00000000
$08: 0x00000000
$09: 0x00000000
$10: 0x00000000
$11: 0x00000000
$12: 0x00000000
$13: 0x00000000
$14: 0x00000000
$15: 0x00000000
$16: 0x00000000
$17: 0x00000000
$18: 0x00000000
$19: 0x00000000
$20: 0x00000000
$21: 0x00000000
$22: 0x00000000
$23: 0x00000000
$24: 0x00000000
$25: 0x00000000
$26: 0x00000000
$27: 0x00000000
$28: 0x00000000
$29: 0x00000000
$30: 0x00000000
$31: 0x00000000
$HI: 0x00000000
$LO: 0x00000000
PC: 0x00000000
IF: 0x20040004
ID: NOP
EX: NOP
DM: NOP
WB: NOP


cycle 1
PC: 0x00000004
IF: 0x2008000C
ID: ADDI
EX: NOP
DM: NOP
WB: NOP


cycle 2
PC: 0x00000008
IF: 0x11010004
ID: ADDI
EX: ADDI
DM: NOP
WB: NOP


cycle 3
PC: 0x0000000C
IF: 0x8C220000 to_be_stalled
ID: BEQ to_be_stalled
EX: ADDI
DM: ADDI
WB: NOP


cycle 4
PC: 0x0000000C
IF: 0x8C220000
ID: BEQ fwd_EX-DM_rs_$8
EX: NOP
DM: ADDI
WB: ADDI


cycle 5
$04: 0x00000004
PC: 0x00000010
IF: 0xAC22000C
ID: LW
EX: BEQ
DM: NOP
WB: ADDI


cycle 6
$08: 0x0000000C
PC: 0x00000014
IF: 0x00240820 to_be_stalled
ID: SW to_be_stalled
EX: LW
DM: BEQ
WB: NOP


cycle 7
PC: 0x00000014
IF: 0x00240820
ID: SW
EX: NOP
DM: LW
WB: BEQ


cycle 8
PC: 0x00000018
IF: 0x08000002
ID: ADD
EX: SW fwd_DM-WB_rt_$2
DM: NOP
WB: LW


cycle 9
$02: 0xFFFFFFFF
PC: 0x0000001C
IF: 0x01084020 to_be_flushed
ID: J
EX: ADD
DM: SW
WB: NOP


cycle 10
PC: 0x00000008
IF: 0x11010004
ID: NOP
EX: J
DM: ADD
WB: SW


cycle 11
PC: 0x0000000C
IF: 0x8C220000
ID: BEQ
EX: NOP
DM: J
WB: ADD


cycle 12
$01: 0x00000004
PC: 0x00000010
IF: 0xAC22000C
ID: LW
EX: BEQ
DM: NOP
WB: J


cycle 13
PC: 0x00000014
IF: 0x00240820 to_be_stalled
ID: SW to_be_stalled
EX: LW
DM: BEQ
WB: NOP


cycle 14
PC: 0x00000014
IF: 0x00240820
ID: SW
EX: NOP
DM: LW
WB: BEQ


cycle 15
PC: 0x00000018
IF: 0x08000002
ID: ADD
EX: SW fwd_DM-WB_rt_$2
DM: NOP
WB: LW


cycle 16
$02: 0x00000001
PC: 0x0000001C
IF: 0x01084020 to_be_flushed
ID: J
EX: ADD
DM: SW
WB: NOP


cycle 17
PC: 0x00000008
IF: 0x11010004
ID: NOP
EX: J
DM: ADD
WB: SW


cycle 18
PC: 0x0000000C
IF: 0x8C220000
ID: BEQ
EX: NOP
DM: J
WB: ADD


cycle 19
$01: 0x00000008
PC: 0x00000010
IF: 0xAC22000C
ID: LW
EX: BEQ
DM: NOP
WB: J


cycle 20
PC: 0x00000014
IF: 0x00240820 to_be_stalled
ID: SW to_be_stalled
EX: LW
DM: BEQ
WB: NOP


cycle 21
PC: 0x00000014
IF: 0x00240820
ID: SW
EX: NOP
DM: LW
WB: BEQ


cycle 22
PC: 0x00000018
IF: 0x08000002
ID: ADD
EX: SW fwd_DM-WB_rt_$2
DM: NOP
WB: LW


cycle 23
$02: 0x80000000
PC: 0x0000001C
IF: 0x01084020 to_be_flushed
ID: J
EX: ADD
DM: SW
WB: NOP


cycle 24
PC: 0x00000008
IF: 0x11010004
ID: NOP
EX: J
DM: ADD
WB: SW


cycle 25
PC: 0x0000000C
IF: 0x8C220000 to_be_flushed
ID: BEQ
EX: NOP
DM: J
WB: ADD


cycle 26
$01: 0x0000000C
PC: 0x0000001C
IF: 0x01084020
ID: NOP
EX: BEQ
DM: NOP
WB: J


cycle 27
PC: 0x00000020
IF: 0x00000820
ID: ADD
EX: NOP
DM: BEQ
WB: NOP


cycle 28
PC: 0x00000024
IF: 0x11010004
ID: ADD
EX: ADD
DM: NOP
WB: BEQ


cycle 29
PC: 0x00000028
IF: 0x8C230000 to_be_stalled
ID: BEQ to_be_stalled
EX: ADD
DM: ADD
WB: NOP


cycle 30
PC: 0x00000028
IF: 0x8C230000
ID: BEQ fwd_EX-DM_rt_$1
EX: NOP
DM: ADD
WB: ADD


cycle 31
$08: 0x00000018
PC: 0x0000002C
IF: 0x00240820
ID: LW
EX: BEQ
DM: NOP
WB: ADD


cycle 32
$01: 0x00000000
PC: 0x00000030
IF: 0x08000009
ID: ADD
EX: LW
DM: BEQ
WB: NOP


cycle 33
PC: 0x00000034
IF: 0xFFFFFFFF to_be_flushed
ID: J
EX: ADD
DM: LW
WB: BEQ


cycle 34
PC: 0x00000024
IF: 0x11010004
ID: NOP
EX: J
DM: ADD
WB: LW


cycle 35
$03: 0xFFFFFFFF
PC: 0x00000028
IF: 0x8C230000
ID: BEQ
EX: NOP
DM: J
WB: ADD


cycle 36
$01: 0x00000004
PC: 0x0000002C
IF: 0x00240820
ID: LW
EX: BEQ
DM: NOP
WB: J


cycle 37
PC: 0x00000030
IF: 0x08000009
ID: ADD
EX: LW
DM: BEQ
WB: NOP


cycle 38
PC: 0x00000034
IF: 0xFFFFFFFF to_be_flushed
ID: J
EX: ADD
DM: LW
WB: BEQ


cycle 39
PC: 0x00000024
IF: 0x11010004
ID: NOP
EX: J
DM: ADD
WB: LW


cycle 40
$03: 0x00000001
PC: 0x00000028
IF: 0x8C230000
ID: BEQ
EX: NOP
DM: J
WB: ADD


cycle 41
$01: 0x00000008
PC: 0x0000002C
IF: 0x00240820
ID: LW
EX: BEQ
DM: NOP
WB: J


cycle 42
PC: 0x00000030
IF: 0x08000009
ID: ADD
EX: LW
DM: BEQ
WB: NOP


cycle 43
PC: 0x00000034
IF: 0xFFFFFFFF to_be_flushed
ID: J
EX: ADD
DM: LW
WB: BEQ


cycle 44
PC: 0x00000024
IF: 0x11010004
ID: NOP
EX: J
DM: ADD
WB: LW


cycle 45
$03: 0x80000000
PC: 0x00000028
IF: 0x8C230000
ID: BEQ
EX: NOP
DM: J
WB: ADD


cycle 46
$01: 0x0000000C
PC: 0x0000002C
IF: 0x00240820
ID: LW
EX: BEQ
DM: NOP
WB: J


cycle 47
PC: 0x00000030
IF: 0x08000009
ID: ADD
EX: LW
DM: BEQ
WB: NOP


cycle 48
PC: 0x00000034
IF: 0xFFFFFFFF to_be_flushed
ID: J
EX: ADD
DM: LW
WB: BEQ


cycle 49
PC: 0x00000024
IF: 0x11010004
ID: NOP
EX: J
DM: ADD
WB: LW


cycle 50
$03: 0xFFFFFFFF
PC: 0x00000028
IF: 0x8C230000
ID: BEQ
EX: NOP
DM: J
WB: ADD


cycle 51
$01: 0x00000010
PC: 0x0000002C
IF: 0x00240820
ID: LW
EX: BEQ
DM: NOP
WB: J


cycle 52
PC: 0x00000030
IF: 0x08000009
ID: ADD
EX: LW
DM: BEQ
WB: NOP


cycle 53
PC: 0x00000034
IF: 0xFFFFFFFF to_be_flushed
ID: J
EX: ADD
DM: LW
WB: BEQ


cycle 54
PC: 0x00000024
IF: 0x11010004
ID: NOP
EX: J
DM: ADD
WB: LW


cycle 55
$03: 0x00000001
PC: 0x00000028
IF: 0x8C230000
ID: BEQ
EX: NOP
DM: J
WB: ADD


cycle 56
$01: 0x00000014
PC: 0x0000002C
IF: 0x00240820
ID: LW
EX: BEQ
DM: NOP
WB: J


cycle 57
PC: 0x00000030
IF: 0x08000009
ID: ADD
EX: LW
DM: BEQ
WB: NOP


cycle 58
PC: 0x00000034
IF: 0xFFFFFFFF to_be_flushed
ID: J
EX: ADD
DM: LW
WB: BEQ


cycle 59
PC: 0x00000024
IF: 0x11010004
ID: NOP
EX: J
DM: ADD
WB: LW


cycle 60
$03: 0x80000000
PC: 0x00000028
IF: 0x8C230000 to_be_flushed
ID: BEQ
EX: NOP
DM: J
WB: ADD


cycle 61
$01: 0x00000018
PC: 0x00000038
IF: 0xFFFFFFFF
ID: NOP
EX: BEQ
DM: NOP
WB: J


cycle 62
PC: 0x0000003C
IF: 0xFFFFFFFF
ID: HALT
EX: NOP
DM: BEQ
WB: NOP


cycle 63
PC: 0x00000040
IF: 0xFFFFFFFF
ID: HALT
EX: HALT
DM: NOP
WB: BEQ


cycle 64
PC: 0x00000044
IF: 0xFFFFFFFF
ID: HALT
EX: HALT
DM: HALT
WB: NOP


cycle 65
PC: 0x00000048
IF: 0x00000000
ID: HALT
EX: HALT
DM: HALT
WB: HALT


cycle 66
PC: 0x0000004C
IF: 0x00000000
ID: NOP
EX: HALT
DM: HALT
WB: HALT


cycle 67
PC: 0x00000050
IF: 0x00000000
ID: NOP
EX: NOP
DM: HALT
WB: HALT


